<?xml version="1.0" encoding="UTF-8"?>
<!-- Generated by org.testng.reporters.JUnitReportReporter -->
<testsuite skipped="0" hostname="SAI-PC" name="script.testhomepage" tests="1" failures="0" timestamp="18 Jun 2019 15:38:50 GMT" time="32.833" errors="0">
  <testcase name="home" time="32.833" classname="script.testhomepage"/>
</testsuite> <!-- script.testhomepage -->
